10370:C 17 Sep 2019 22:22:21.005 # oO0OoO0OoO0Oo Redis is starting oO0OoO0OoO0Oo
10370:C 17 Sep 2019 22:22:21.005 # Redis version=5.0.5, bits=64, commit=00000000, modified=0, pid=10370, just started
10370:C 17 Sep 2019 22:22:21.005 # Configuration loaded
                _._                                                  
           _.-``__ ''-._                                             
      _.-``    `.  `_.  ''-._           Redis 5.0.5 (00000000/0) 64 bit
  .-`` .-```.  ```\/    _.,_ ''-._                                   
 (    '      ,       .-`  | `,    )     Running in standalone mode
 |`-._`-...-` __...-.``-._|'` _.-'|     Port: 6379
 |    `-._   `._    /     _.-'    |     PID: 10370
  `-._    `-._  `-./  _.-'    _.-'                                   
 |`-._`-._    `-.__.-'    _.-'_.-'|                                  
 |    `-._`-._        _.-'_.-'    |           http://redis.io        
  `-._    `-._`-.__.-'_.-'    _.-'                                   
 |`-._`-._    `-.__.-'    _.-'_.-'|                                  
 |    `-._`-._        _.-'_.-'    |                                  
  `-._    `-._`-.__.-'_.-'    _.-'                                   
      `-._    `-.__.-'    _.-'                                       
          `-._        _.-'                                           
              `-.__.-'                                               

10370:M 17 Sep 2019 22:22:21.016 # Server initialized
10370:M 17 Sep 2019 22:22:21.016 * Ready to accept connections
10370:M 17 Sep 2019 22:37:22.081 * 1 changes in 900 seconds. Saving...
10370:M 17 Sep 2019 22:37:22.082 * Background saving started by pid 14499
14499:C 17 Sep 2019 22:37:22.090 * DB saved on disk
14499:C 17 Sep 2019 22:37:22.094 * RDB: 0 MB of memory used by copy-on-write
10370:M 17 Sep 2019 22:37:22.183 * Background saving terminated with success
我先执行
我后执行
我先执行
我后执行
我先执行
我后执行
我先执行
我后执行
我先执行
我后执行
